#
# There is insufficient memory for the Java Runtime Environment to continue.
# Native memory allocation (malloc) failed to allocate 290656 bytes for Chunk::new
# Possible reasons:
#   The system is out of physical RAM or swap space
#   The process is running with CompressedOops enabled, and the Java Heap may be blocking the growth of the native heap
# Possible solutions:
#   Reduce memory load on the system
#   Increase physical memory or swap space
#   Check if swap backing store is full
#   Decrease Java heap size (-Xmx/-Xms)
#   Decrease number of Java threads
#   Decrease Java thread stack sizes (-Xss)
#   Set larger code cache with -XX:ReservedCodeCacheSize=
#   JVM is running with Unscaled Compressed Oops mode in which the Java heap is
#     placed in the first 4GB address space. The Java Heap base address is the
#     maximum limit for the native heap growth. Please use -XX:HeapBaseMinAddress
#     to set the Java Heap base and to place the Java Heap above 4GB virtual address.
# This output file may be truncated or incomplete.
#
#  Out of Memory Error (./src/hotspot/share/memory/arena.cpp:197), pid=4020, tid=14000
#
# JRE version: OpenJDK Runtime Environment (11.0.11+9) (build 11.0.11+9-b60-7590822)
# Java VM: OpenJDK 64-Bit Server VM (11.0.11+9-b60-7590822, mixed mode, tiered, compressed oops, g1 gc, windows-amd64)
# No core dump will be written. Minidumps are not enabled by default on client versions of Windows
#

---------------  S U M M A R Y ------------

Command Line: --add-opens=java.base/java.util=ALL-UNNAMED --add-opens=java.base/java.lang=ALL-UNNAMED --add-opens=java.base/java.lang.invoke=ALL-UNNAMED --add-opens=java.base/java.util=ALL-UNNAMED --add-opens=java.prefs/java.util.prefs=ALL-UNNAMED --add-opens=java.prefs/java.util.prefs=ALL-UNNAMED --add-opens=java.base/java.nio.charset=ALL-UNNAMED --add-opens=java.base/java.net=ALL-UNNAMED --add-opens=java.base/java.util.concurrent.atomic=ALL-UNNAMED -Xmx2048M -Dfile.encoding=UTF-8 -Duser.country=US -Duser.language=en -Duser.variant org.gradle.launcher.daemon.bootstrap.GradleDaemon 7.2

Host: Intel(R) Core(TM) i5-7200U CPU @ 2.50GHz, 4 cores, 7G,  Windows 10 , 64 bit Build 19041 (10.0.19041.1566)
Time: Tue Apr 12 08:58:42 2022 Central Daylight Time elapsed time: 32.917260 seconds (0d 0h 0m 32s)

---------------  T H R E A D  ---------------

Current thread (0x000001b9c00a3000):  JavaThread "C2 CompilerThread0" daemon [_thread_in_native, id=14000, stack(0x0000008e1c100000,0x0000008e1c200000)]


Current CompileTask:
C2:  32917 4807       4       org.gradle.internal.serialize.kryo.StringDeduplicatingKryoBackedEncoder::writeString (20 bytes)

Stack: [0x0000008e1c100000,0x0000008e1c200000]
Native frames: (J=compiled Java code, j=interpreted, Vv=VM code, C=native code)
V  [jvm.dll+0x5f214a]
V  [jvm.dll+0x726fb5]
V  [jvm.dll+0x7285cd]
V  [jvm.dll+0x728c83]
V  [jvm.dll+0x243278]
V  [jvm.dll+0xbc53c]
V  [jvm.dll+0xbca3c]
V  [jvm.dll+0x2b5c34]
V  [jvm.dll+0x508488]
V  [jvm.dll+0x1fd70e]
V  [jvm.dll+0x1fb35f]
V  [jvm.dll+0x183d6c]
V  [jvm.dll+0x209a57]
V  [jvm.dll+0x2082a1]
V  [jvm.dll+0x6ef58f]
V  [jvm.dll+0x6e80b5]
V  [jvm.dll+0x5f1036]
C  [ucrtbase.dll+0x21bb2]
C  [KERNEL32.DLL+0x17034]
C  [ntdll.dll+0x52651]


---------------  P R O C E S S  ---------------

Threads class SMR info:
_java_thread_list=0x000001b9c2c3ce10, length=36, elements={
0x000001b9a649e800, 0x000001b9c007d000, 0x000001b9c0082000, 0x000001b9c009c000,
0x000001b9c009d000, 0x000001b9c009f800, 0x000001b9c00a3000, 0x000001b9c00a8800,
0x000001b9c00ac800, 0x000001b9c0b44000, 0x000001b9c2b0c800, 0x000001b9c0c2d800,
0x000001b9c292c000, 0x000001b9c36ae800, 0x000001b9c41f7800, 0x000001b9c2099000,
0x000001b9c0e1f000, 0x000001b9c1f8d800, 0x000001b9c2397800, 0x000001b9c1243000,
0x000001b9c1244000, 0x000001b9c1240000, 0x000001b9c1241000, 0x000001b9c1241800,
0x000001b9c123e800, 0x000001b9c1242800, 0x000001b9c1245000, 0x000001b9c123f000,
0x000001b9c3271800, 0x000001b9c326c000, 0x000001b9c3270000, 0x000001b9c3273000,
0x000001b9c326f000, 0x000001b9c326d800, 0x000001b9c3274000, 0x000001b9c326e000
}

Java Threads: ( => current thread )
  0x000001b9a649e800 JavaThread "main" [_thread_blocked, id=15680, stack(0x0000008e1b500000,0x0000008e1b600000)]
  0x000001b9c007d000 JavaThread "Reference Handler" daemon [_thread_blocked, id=1608, stack(0x0000008e1bc00000,0x0000008e1bd00000)]
  0x000001b9c0082000 JavaThread "Finalizer" daemon [_thread_blocked, id=16336, stack(0x0000008e1bd00000,0x0000008e1be00000)]
  0x000001b9c009c000 JavaThread "Signal Dispatcher" daemon [_thread_blocked, id=2816, stack(0x0000008e1be00000,0x0000008e1bf00000)]
  0x000001b9c009d000 JavaThread "Attach Listener" daemon [_thread_blocked, id=7776, stack(0x0000008e1bf00000,0x0000008e1c000000)]
  0x000001b9c009f800 JavaThread "Service Thread" daemon [_thread_blocked, id=13912, stack(0x0000008e1c000000,0x0000008e1c100000)]
=>0x000001b9c00a3000 JavaThread "C2 CompilerThread0" daemon [_thread_in_native, id=14000, stack(0x0000008e1c100000,0x0000008e1c200000)]
  0x000001b9c00a8800 JavaThread "C1 CompilerThread0" daemon [_thread_blocked, id=15820, stack(0x0000008e1c200000,0x0000008e1c300000)]
  0x000001b9c00ac800 JavaThread "Sweeper thread" daemon [_thread_blocked, id=12244, stack(0x0000008e1c300000,0x0000008e1c400000)]
  0x000001b9c0b44000 JavaThread "Common-Cleaner" daemon [_thread_blocked, id=7388, stack(0x0000008e1c400000,0x0000008e1c500000)]
  0x000001b9c2b0c800 JavaThread "Daemon health stats" [_thread_blocked, id=13048, stack(0x0000008e1c900000,0x0000008e1ca00000)]
  0x000001b9c0c2d800 JavaThread "Incoming local TCP Connector on port 51055" [_thread_in_native, id=16288, stack(0x0000008e1c600000,0x0000008e1c700000)]
  0x000001b9c292c000 JavaThread "Daemon periodic checks" [_thread_blocked, id=9620, stack(0x0000008e1ca00000,0x0000008e1cb00000)]
  0x000001b9c36ae800 JavaThread "Daemon" [_thread_blocked, id=9700, stack(0x0000008e1cb00000,0x0000008e1cc00000)]
  0x000001b9c41f7800 JavaThread "Handler for socket connection from /127.0.0.1:51055 to /127.0.0.1:51056" [_thread_in_native, id=6060, stack(0x0000008e1cc00000,0x0000008e1cd00000)]
  0x000001b9c2099000 JavaThread "Cancel handler" [_thread_blocked, id=5448, stack(0x0000008e1cd00000,0x0000008e1ce00000)]
  0x000001b9c0e1f000 JavaThread "Daemon worker" [_thread_in_native, id=15904, stack(0x0000008e1ce00000,0x0000008e1cf00000)]
  0x000001b9c1f8d800 JavaThread "Asynchronous log dispatcher for DefaultDaemonConnection: socket connection from /127.0.0.1:51055 to /127.0.0.1:51056" [_thread_blocked, id=10388, stack(0x0000008e1cf00000,0x0000008e1d000000)]
  0x000001b9c2397800 JavaThread "Stdin handler" [_thread_blocked, id=11040, stack(0x0000008e1d000000,0x0000008e1d100000)]
  0x000001b9c1243000 JavaThread "Daemon client event forwarder" [_thread_blocked, id=16168, stack(0x0000008e1d100000,0x0000008e1d200000)]
  0x000001b9c1244000 JavaThread "Cache worker for journal cache (C:\Users\jack\.gradle\caches\journal-1)" [_thread_blocked, id=13260, stack(0x0000008e1d200000,0x0000008e1d300000)]
  0x000001b9c1240000 JavaThread "File lock request listener" [_thread_in_native, id=2312, stack(0x0000008e1d400000,0x0000008e1d500000)]
  0x000001b9c1241000 JavaThread "Cache worker for file hash cache (C:\Users\jack\.gradle\caches\7.2\fileHashes)" [_thread_blocked, id=1592, stack(0x0000008e1d500000,0x0000008e1d600000)]
  0x000001b9c1241800 JavaThread "Cache worker for file hash cache (C:\Users\jack\AndroidStudioProjects\WeatherApp\.gradle\7.2\fileHashes)" [_thread_blocked, id=12020, stack(0x0000008e1d600000,0x0000008e1d700000)]
  0x000001b9c123e800 JavaThread "File watcher server" daemon [_thread_in_native, id=3152, stack(0x0000008e1d700000,0x0000008e1d800000)]
  0x000001b9c1242800 JavaThread "File watcher consumer" daemon [_thread_blocked, id=14984, stack(0x0000008e1d800000,0x0000008e1d900000)]
  0x000001b9c1245000 JavaThread "Cache worker for checksums cache (C:\Users\jack\AndroidStudioProjects\WeatherApp\.gradle\checksums)" [_thread_blocked, id=10928, stack(0x0000008e1d900000,0x0000008e1da00000)]
  0x000001b9c123f000 JavaThread "Cache worker for cache directory md-supplier (C:\Users\jack\.gradle\caches\7.2\md-supplier)" [_thread_blocked, id=14996, stack(0x0000008e1da00000,0x0000008e1db00000)]
  0x000001b9c3271800 JavaThread "Cache worker for cache directory md-rule (C:\Users\jack\.gradle\caches\7.2\md-rule)" [_thread_blocked, id=4036, stack(0x0000008e1db00000,0x0000008e1dc00000)]
  0x000001b9c326c000 JavaThread "Cache worker for execution history cache (C:\Users\jack\.gradle\caches\7.2\executionHistory)" [_thread_blocked, id=12544, stack(0x0000008e1dc00000,0x0000008e1dd00000)]
  0x000001b9c3270000 JavaThread "jar transforms" [_thread_blocked, id=2032, stack(0x0000008e1dd00000,0x0000008e1de00000)]
  0x000001b9c3273000 JavaThread "jar transforms Thread 2" [_thread_blocked, id=2340, stack(0x0000008e1de00000,0x0000008e1df00000)]
  0x000001b9c326f000 JavaThread "Cache worker for file content cache (C:\Users\jack\.gradle\caches\7.2\fileContent)" [_thread_blocked, id=124, stack(0x0000008e1df00000,0x0000008e1e000000)]
  0x000001b9c326d800 JavaThread "Cache worker for dependencies-accessors (C:\Users\jack\AndroidStudioProjects\WeatherApp\.gradle\7.2\dependencies-accessors)" [_thread_blocked, id=9264, stack(0x0000008e1e000000,0x0000008e1e100000)]
  0x000001b9c3274000 JavaThread "jar transforms Thread 3" [_thread_blocked, id=8272, stack(0x0000008e1e100000,0x0000008e1e200000)]
  0x000001b9c326e000 JavaThread "Cache worker for Build Output Cleanup Cache (C:\Users\jack\AndroidStudioProjects\WeatherApp\.gradle\buildOutputCleanup)" [_thread_blocked, id=4352, stack(0x0000008e1e200000,0x0000008e1e300000)]

Other Threads:
  0x000001b9c0041000 VMThread "VM Thread" [stack: 0x0000008e1bb00000,0x0000008e1bc00000] [id=10444]
  0x000001b9c0b8f000 WatcherThread [stack: 0x0000008e1c500000,0x0000008e1c600000] [id=220]
  0x000001b9a64b6000 GCTaskThread "GC Thread#0" [stack: 0x0000008e1b600000,0x0000008e1b700000] [id=7920]
  0x000001b9c0f54000 GCTaskThread "GC Thread#1" [stack: 0x0000008e1c700000,0x0000008e1c800000] [id=5308]
  0x000001b9c0fbe000 GCTaskThread "GC Thread#2" [stack: 0x0000008e1c800000,0x0000008e1c900000] [id=5404]
  0x000001b9c2af8800 GCTaskThread "GC Thread#3" [stack: 0x0000008e1d300000,0x0000008e1d400000] [id=12796]
  0x000001b9a64e8000 ConcurrentGCThread "G1 Main Marker" [stack: 0x0000008e1b700000,0x0000008e1b800000] [id=11616]
  0x000001b9a64e9000 ConcurrentGCThread "G1 Conc#0" [stack: 0x0000008e1b800000,0x0000008e1b900000] [id=2008]
  0x000001b9a6573800 ConcurrentGCThread "G1 Refine#0" [stack: 0x0000008e1b900000,0x0000008e1ba00000] [id=1488]
  0x000001b9a6574800 ConcurrentGCThread "G1 Young RemSet Sampling" [stack: 0x0000008e1ba00000,0x0000008e1bb00000] [id=4292]

Threads with active compile tasks:
C2 CompilerThread0  32969 4807       4       org.gradle.internal.serialize.kryo.StringDeduplicatingKryoBackedEncoder::writeString (20 bytes)

VM state:not at safepoint (normal execution)

VM Mutex/Monitor currently owned by a thread: None

Heap address: 0x0000000080000000, size: 2048 MB, Compressed Oops mode: 32-bit
Narrow klass base: 0x0000000000000000, Narrow klass shift: 3
Compressed class space size: 1073741824 Address: 0x0000000100000000

Heap:
 garbage-first heap   total 155648K, used 61416K [0x0000000080000000, 0x0000000100000000)
  region size 1024K, 35 young (35840K), 3 survivors (3072K)
 Metaspace       used 47290K, capacity 48474K, committed 48716K, reserved 1091584K
  class space    used 6031K, capacity 6471K, committed 6528K, reserved 1048576K
Heap Regions: E=young(eden), S=young(survivor), O=old, HS=humongous(starts), HC=humongous(continues), CS=collection set, F=free, A=archive, TAMS=top-at-mark-start (previous, next)
|   0|0x0000000080000000, 0x0000000080100000, 0x0000000080100000|100%| O|  |TAMS 0x0000000080100000, 0x0000000080000000| Untracked 
|   1|0x0000000080100000, 0x0000000080200000, 0x0000000080200000|100%| O|  |TAMS 0x0000000080200000, 0x0000000080100000| Untracked 
|   2|0x0000000080200000, 0x0000000080300000, 0x0000000080300000|100%| O|  |TAMS 0x0000000080300000, 0x0000000080200000| Untracked 
|   3|0x0000000080300000, 0x0000000080400000, 0x0000000080400000|100%|HS|  |TAMS 0x0000000080400000, 0x0000000080300000| Complete 
|   4|0x0000000080400000, 0x0000000080500000, 0x0000000080500000|100%|HC|  |TAMS 0x0000000080500000, 0x0000000080400000| Complete 
|   5|0x0000000080500000, 0x0000000080600000, 0x0000000080600000|100%|HC|  |TAMS 0x0000000080600000, 0x0000000080500000| Complete 
|   6|0x0000000080600000, 0x0000000080700000, 0x0000000080700000|100%| O|  |TAMS 0x0000000080700000, 0x0000000080600000| Untracked 
|   7|0x0000000080700000, 0x0000000080800000, 0x0000000080800000|100%| O|  |TAMS 0x0000000080800000, 0x0000000080700000| Untracked 
|   8|0x0000000080800000, 0x0000000080900000, 0x0000000080900000|100%| O|  |TAMS 0x0000000080900000, 0x0000000080800000| Untracked 
|   9|0x0000000080900000, 0x0000000080a00000, 0x0000000080a00000|100%| O|  |TAMS 0x0000000080a00000, 0x0000000080900000| Untracked 
|  10|0x0000000080a00000, 0x0000000080b00000, 0x0000000080b00000|100%| O|  |TAMS 0x0000000080b00000, 0x0000000080a00000| Untracked 
|  11|0x0000000080b00000, 0x0000000080c00000, 0x0000000080c00000|100%| O|  |TAMS 0x0000000080c00000, 0x0000000080b00000| Untracked 
|  12|0x0000000080c00000, 0x0000000080d00000, 0x0000000080d00000|100%| O|  |TAMS 0x0000000080d00000, 0x0000000080c00000| Untracked 
|  13|0x0000000080d00000, 0x0000000080e00000, 0x0000000080e00000|100%| O|  |TAMS 0x0000000080e00000, 0x0000000080d00000| Untracked 
|  14|0x0000000080e00000, 0x0000000080f00000, 0x0000000080f00000|100%| O|  |TAMS 0x0000000080f00000, 0x0000000080e00000| Untracked 
|  15|0x0000000080f00000, 0x0000000081000000, 0x0000000081000000|100%| O|  |TAMS 0x0000000081000000, 0x0000000080f00000| Untracked 
|  16|0x0000000081000000, 0x0000000081100000, 0x0000000081100000|100%| O|  |TAMS 0x0000000081058e00, 0x0000000081000000| Untracked 
|  17|0x0000000081100000, 0x0000000081100000, 0x0000000081200000|  0%| F|  |TAMS 0x0000000081100000, 0x0000000081100000| Untracked 
|  18|0x0000000081200000, 0x0000000081300000, 0x0000000081300000|100%| O|  |TAMS 0x0000000081200000, 0x0000000081200000| Untracked 
|  19|0x0000000081300000, 0x0000000081400000, 0x0000000081400000|100%| O|  |TAMS 0x0000000081300000, 0x0000000081300000| Untracked 
|  20|0x0000000081400000, 0x0000000081500000, 0x0000000081500000|100%| O|  |TAMS 0x0000000081400000, 0x0000000081400000| Untracked 
|  21|0x0000000081500000, 0x0000000081600000, 0x0000000081600000|100%| O|  |TAMS 0x0000000081500000, 0x0000000081500000| Untracked 
|  22|0x0000000081600000, 0x0000000081700000, 0x0000000081700000|100%| O|  |TAMS 0x0000000081600000, 0x0000000081600000| Untracked 
|  23|0x0000000081700000, 0x0000000081800000, 0x0000000081800000|100%| O|  |TAMS 0x0000000081700000, 0x0000000081700000| Untracked 
|  24|0x0000000081800000, 0x0000000081900000, 0x0000000081900000|100%| O|  |TAMS 0x0000000081800000, 0x0000000081800000| Untracked 
|  25|0x0000000081900000, 0x0000000081a00000, 0x0000000081a00000|100%| O|  |TAMS 0x0000000081900000, 0x0000000081900000| Untracked 
|  26|0x0000000081a00000, 0x0000000081b00000, 0x0000000081b00000|100%| O|  |TAMS 0x0000000081a00000, 0x0000000081a00000| Untracked 
|  27|0x0000000081b00000, 0x0000000081b3dc00, 0x0000000081c00000| 24%| O|  |TAMS 0x0000000081b00000, 0x0000000081b00000| Untracked 
|  28|0x0000000081c00000, 0x0000000081c00000, 0x0000000081d00000|  0%| F|  |TAMS 0x0000000081c00000, 0x0000000081c00000| Untracked 
|  29|0x0000000081d00000, 0x0000000081d00000, 0x0000000081e00000|  0%| F|  |TAMS 0x0000000081d00000, 0x0000000081d00000| Untracked 
|  30|0x0000000081e00000, 0x0000000081e00000, 0x0000000081f00000|  0%| F|  |TAMS 0x0000000081e00000, 0x0000000081e00000| Untracked 
|  31|0x0000000081f00000, 0x0000000081f00000, 0x0000000082000000|  0%| F|  |TAMS 0x0000000081f00000, 0x0000000081f00000| Untracked 
|  32|0x0000000082000000, 0x0000000082000000, 0x0000000082100000|  0%| F|  |TAMS 0x0000000082000000, 0x0000000082000000| Untracked 
|  33|0x0000000082100000, 0x0000000082100000, 0x0000000082200000|  0%| F|  |TAMS 0x0000000082100000, 0x0000000082100000| Untracked 
|  34|0x0000000082200000, 0x0000000082200000, 0x0000000082300000|  0%| F|  |TAMS 0x0000000082200000, 0x0000000082200000| Untracked 
|  35|0x0000000082300000, 0x0000000082300000, 0x0000000082400000|  0%| F|  |TAMS 0x0000000082300000, 0x0000000082300000| Untracked 
|  36|0x0000000082400000, 0x0000000082400000, 0x0000000082500000|  0%| F|  |TAMS 0x0000000082400000, 0x0000000082400000| Untracked 
|  37|0x0000000082500000, 0x0000000082500000, 0x0000000082600000|  0%| F|  |TAMS 0x0000000082500000, 0x0000000082500000| Untracked 
|  38|0x0000000082600000, 0x0000000082600000, 0x0000000082700000|  0%| F|  |TAMS 0x0000000082600000, 0x0000000082600000| Untracked 
|  39|0x0000000082700000, 0x0000000082700000, 0x0000000082800000|  0%| F|  |TAMS 0x0000000082700000, 0x0000000082700000| Untracked 
|  40|0x0000000082800000, 0x0000000082800000, 0x0000000082900000|  0%| F|  |TAMS 0x0000000082800000, 0x0000000082800000| Untracked 
|  41|0x0000000082900000, 0x0000000082900000, 0x0000000082a00000|  0%| F|  |TAMS 0x0000000082900000, 0x0000000082900000| Untracked 
|  42|0x0000000082a00000, 0x0000000082a00000, 0x0000000082b00000|  0%| F|  |TAMS 0x0000000082a00000, 0x0000000082a00000| Untracked 
|  43|0x0000000082b00000, 0x0000000082b00000, 0x0000000082c00000|  0%| F|  |TAMS 0x0000000082b00000, 0x0000000082b00000| Untracked 
|  44|0x0000000082c00000, 0x0000000082c00000, 0x0000000082d00000|  0%| F|  |TAMS 0x0000000082c00000, 0x0000000082c00000| Untracked 
|  45|0x0000000082d00000, 0x0000000082d00000, 0x0000000082e00000|  0%| F|  |TAMS 0x0000000082d00000, 0x0000000082d00000| Untracked 
|  46|0x0000000082e00000, 0x0000000082e00000, 0x0000000082f00000|  0%| F|  |TAMS 0x0000000082e00000, 0x0000000082e00000| Untracked 
|  47|0x0000000082f00000, 0x0000000082f00000, 0x0000000083000000|  0%| F|  |TAMS 0x0000000082f00000, 0x0000000082f00000| Untracked 
|  48|0x0000000083000000, 0x0000000083000000, 0x0000000083100000|  0%| F|  |TAMS 0x0000000083000000, 0x0000000083000000| Untracked 
|  49|0x0000000083100000, 0x0000000083100000, 0x0000000083200000|  0%| F|  |TAMS 0x0000000083100000, 0x0000000083100000| Untracked 
|  50|0x0000000083200000, 0x0000000083200000, 0x0000000083300000|  0%| F|  |TAMS 0x0000000083200000, 0x0000000083200000| Untracked 
|  51|0x0000000083300000, 0x0000000083300000, 0x0000000083400000|  0%| F|  |TAMS 0x0000000083300000, 0x0000000083300000| Untracked 
|  52|0x0000000083400000, 0x0000000083400000, 0x0000000083500000|  0%| F|  |TAMS 0x0000000083400000, 0x0000000083400000| Untracked 
|  53|0x0000000083500000, 0x0000000083500000, 0x0000000083600000|  0%| F|  |TAMS 0x0000000083500000, 0x0000000083500000| Untracked 
|  54|0x0000000083600000, 0x0000000083600000, 0x0000000083700000|  0%| F|  |TAMS 0x0000000083600000, 0x0000000083600000| Untracked 
|  55|0x0000000083700000, 0x0000000083700000, 0x0000000083800000|  0%| F|  |TAMS 0x0000000083700000, 0x0000000083700000| Untracked 
|  56|0x0000000083800000, 0x0000000083800000, 0x0000000083900000|  0%| F|  |TAMS 0x0000000083800000, 0x0000000083800000| Untracked 
|  57|0x0000000083900000, 0x0000000083900000, 0x0000000083a00000|  0%| F|  |TAMS 0x0000000083900000, 0x0000000083900000| Untracked 
|  58|0x0000000083a00000, 0x0000000083a00000, 0x0000000083b00000|  0%| F|  |TAMS 0x0000000083a00000, 0x0000000083a00000| Untracked 
|  59|0x0000000083b00000, 0x0000000083b00000, 0x0000000083c00000|  0%| F|  |TAMS 0x0000000083b00000, 0x0000000083b00000| Untracked 
|  60|0x0000000083c00000, 0x0000000083c00000, 0x0000000083d00000|  0%| F|  |TAMS 0x0000000083c00000, 0x0000000083c00000| Untracked 
|  61|0x0000000083d00000, 0x0000000083dbc490, 0x0000000083e00000| 73%| S|CS|TAMS 0x0000000083d00000, 0x0000000083d00000| Complete 
|  62|0x0000000083e00000, 0x0000000083f00000, 0x0000000083f00000|100%| S|CS|TAMS 0x0000000083e00000, 0x0000000083e00000| Complete 
|  63|0x0000000083f00000, 0x0000000084000000, 0x0000000084000000|100%| S|CS|TAMS 0x0000000083f00000, 0x0000000083f00000| Complete 
|  64|0x0000000084000000, 0x0000000084000000, 0x0000000084100000|  0%| F|  |TAMS 0x0000000084000000, 0x0000000084000000| Untracked 
|  65|0x0000000084100000, 0x0000000084100000, 0x0000000084200000|  0%| F|  |TAMS 0x0000000084100000, 0x0000000084100000| Untracked 
|  66|0x0000000084200000, 0x0000000084200000, 0x0000000084300000|  0%| F|  |TAMS 0x0000000084200000, 0x0000000084200000| Untracked 
|  67|0x0000000084300000, 0x0000000084300000, 0x0000000084400000|  0%| F|  |TAMS 0x0000000084300000, 0x0000000084300000| Untracked 
|  68|0x0000000084400000, 0x0000000084400000, 0x0000000084500000|  0%| F|  |TAMS 0x0000000084400000, 0x0000000084400000| Untracked 
|  69|0x0000000084500000, 0x0000000084500000, 0x0000000084600000|  0%| F|  |TAMS 0x0000000084500000, 0x0000000084500000| Untracked 
|  70|0x0000000084600000, 0x0000000084600000, 0x0000000084700000|  0%| F|  |TAMS 0x0000000084600000, 0x0000000084600000| Untracked 
|  71|0x0000000084700000, 0x0000000084700000, 0x0000000084800000|  0%| F|  |TAMS 0x0000000084700000, 0x0000000084700000| Untracked 
|  72|0x0000000084800000, 0x0000000084800000, 0x0000000084900000|  0%| F|  |TAMS 0x0000000084800000, 0x0000000084800000| Untracked 
|  73|0x0000000084900000, 0x0000000084900000, 0x0000000084a00000|  0%| F|  |TAMS 0x0000000084900000, 0x0000000084900000| Untracked 
|  74|0x0000000084a00000, 0x0000000084a00000, 0x0000000084b00000|  0%| F|  |TAMS 0x0000000084a00000, 0x0000000084a00000| Untracked 
|  75|0x0000000084b00000, 0x0000000084b00000, 0x0000000084c00000|  0%| F|  |TAMS 0x0000000084b00000, 0x0000000084b00000| Untracked 
|  76|0x0000000084c00000, 0x0000000084c00000, 0x0000000084d00000|  0%| F|  |TAMS 0x0000000084c00000, 0x0000000084c00000| Untracked 
|  77|0x0000000084d00000, 0x0000000084d00000, 0x0000000084e00000|  0%| F|  |TAMS 0x0000000084d00000, 0x0000000084d00000| Untracked 
|  78|0x0000000084e00000, 0x0000000084e00000, 0x0000000084f00000|  0%| F|  |TAMS 0x0000000084e00000, 0x0000000084e00000| Untracked 
|  79|0x0000000084f00000, 0x0000000084f00000, 0x0000000085000000|  0%| F|  |TAMS 0x0000000084f00000, 0x0000000084f00000| Untracked 
|  80|0x0000000085000000, 0x0000000085000000, 0x0000000085100000|  0%| F|  |TAMS 0x0000000085000000, 0x0000000085000000| Untracked 
|  81|0x0000000085100000, 0x0000000085100000, 0x0000000085200000|  0%| F|  |TAMS 0x0000000085100000, 0x0000000085100000| Untracked 
|  82|0x0000000085200000, 0x0000000085200000, 0x0000000085300000|  0%| F|  |TAMS 0x0000000085200000, 0x0000000085200000| Untracked 
|  83|0x0000000085300000, 0x0000000085300000, 0x0000000085400000|  0%| F|  |TAMS 0x0000000085300000, 0x0000000085300000| Untracked 
|  84|0x0000000085400000, 0x0000000085400000, 0x0000000085500000|  0%| F|  |TAMS 0x0000000085400000, 0x0000000085400000| Untracked 
|  85|0x0000000085500000, 0x0000000085500000, 0x0000000085600000|  0%| F|  |TAMS 0x0000000085500000, 0x0000000085500000| Untracked 
|  86|0x0000000085600000, 0x0000000085600000, 0x0000000085700000|  0%| F|  |TAMS 0x0000000085600000, 0x0000000085600000| Untracked 
|  87|0x0000000085700000, 0x0000000085700000, 0x0000000085800000|  0%| F|  |TAMS 0x0000000085700000, 0x0000000085700000| Untracked 
|  88|0x0000000085800000, 0x0000000085800000, 0x0000000085900000|  0%| F|  |TAMS 0x0000000085800000, 0x0000000085800000| Untracked 
|  89|0x0000000085900000, 0x0000000085900000, 0x0000000085a00000|  0%| F|  |TAMS 0x0000000085900000, 0x0000000085900000| Untracked 
|  90|0x0000000085a00000, 0x0000000085a00000, 0x0000000085b00000|  0%| F|  |TAMS 0x0000000085a00000, 0x0000000085a00000| Untracked 
|  91|0x0000000085b00000, 0x0000000085b00000, 0x0000000085c00000|  0%| F|  |TAMS 0x0000000085b00000, 0x0000000085b00000| Untracked 
|  92|0x0000000085c00000, 0x0000000085c00000, 0x0000000085d00000|  0%| F|  |TAMS 0x0000000085c00000, 0x0000000085c00000| Untracked 
|  93|0x0000000085d00000, 0x0000000085d00000, 0x0000000085e00000|  0%| F|  |TAMS 0x0000000085d00000, 0x0000000085d00000| Untracked 
|  94|0x0000000085e00000, 0x0000000085e00000, 0x0000000085f00000|  0%| F|  |TAMS 0x0000000085e00000, 0x0000000085e00000| Untracked 
|  95|0x0000000085f00000, 0x0000000085f00000, 0x0000000086000000|  0%| F|  |TAMS 0x0000000085f00000, 0x0000000085f00000| Untracked 
|  96|0x0000000086000000, 0x0000000086000000, 0x0000000086100000|  0%| F|  |TAMS 0x0000000086000000, 0x0000000086000000| Untracked 
|  97|0x0000000086100000, 0x0000000086100000, 0x0000000086200000|  0%| F|  |TAMS 0x0000000086100000, 0x0000000086100000| Untracked 
|  98|0x0000000086200000, 0x0000000086200000, 0x0000000086300000|  0%| F|  |TAMS 0x0000000086200000, 0x0000000086200000| Untracked 
|  99|0x0000000086300000, 0x0000000086300000, 0x0000000086400000|  0%| F|  |TAMS 0x0000000086300000, 0x0000000086300000| Untracked 
| 100|0x0000000086400000, 0x0000000086400000, 0x0000000086500000|  0%| F|  |TAMS 0x0000000086400000, 0x0000000086400000| Untracked 
| 101|0x0000000086500000, 0x0000000086500000, 0x0000000086600000|  0%| F|  |TAMS 0x0000000086500000, 0x0000000086500000| Untracked 
| 102|0x0000000086600000, 0x0000000086600000, 0x0000000086700000|  0%| F|  |TAMS 0x0000000086600000, 0x0000000086600000| Untracked 
| 103|0x0000000086700000, 0x0000000086700000, 0x0000000086800000|  0%| F|  |TAMS 0x0000000086700000, 0x0000000086700000| Untracked 
| 104|0x0000000086800000, 0x0000000086800000, 0x0000000086900000|  0%| F|  |TAMS 0x0000000086800000, 0x0000000086800000| Untracked 
| 105|0x0000000086900000, 0x0000000086900000, 0x0000000086a00000|  0%| F|  |TAMS 0x0000000086900000, 0x0000000086900000| Untracked 
| 106|0x0000000086a00000, 0x0000000086a00000, 0x0000000086b00000|  0%| F|  |TAMS 0x0000000086a00000, 0x0000000086a00000| Untracked 
| 107|0x0000000086b00000, 0x0000000086b00000, 0x0000000086c00000|  0%| F|  |TAMS 0x0000000086b00000, 0x0000000086b00000| Untracked 
| 108|0x0000000086c00000, 0x0000000086c00000, 0x0000000086d00000|  0%| F|  |TAMS 0x0000000086c00000, 0x0000000086c00000| Untracked 
| 109|0x0000000086d00000, 0x0000000086d00000, 0x0000000086e00000|  0%| F|  |TAMS 0x0000000086d00000, 0x0000000086d00000| Untracked 
| 110|0x0000000086e00000, 0x0000000086e00000, 0x0000000086f00000|  0%| F|  |TAMS 0x0000000086e00000, 0x0000000086e00000| Untracked 
| 111|0x0000000086f00000, 0x0000000086f00000, 0x0000000087000000|  0%| F|  |TAMS 0x0000000086f00000, 0x0000000086f00000| Untracked 
| 112|0x0000000087000000, 0x0000000087000000, 0x0000000087100000|  0%| F|  |TAMS 0x0000000087000000, 0x0000000087000000| Untracked 
| 113|0x0000000087100000, 0x0000000087100000, 0x0000000087200000|  0%| F|  |TAMS 0x0000000087100000, 0x0000000087100000| Untracked 
| 114|0x0000000087200000, 0x0000000087200000, 0x0000000087300000|  0%| F|  |TAMS 0x0000000087200000, 0x0000000087200000| Untracked 
| 115|0x0000000087300000, 0x0000000087300000, 0x0000000087400000|  0%| F|  |TAMS 0x0000000087300000, 0x0000000087300000| Untracked 
| 116|0x0000000087400000, 0x0000000087400000, 0x0000000087500000|  0%| F|  |TAMS 0x0000000087400000, 0x0000000087400000| Untracked 
| 117|0x0000000087500000, 0x0000000087500000, 0x0000000087600000|  0%| F|  |TAMS 0x0000000087500000, 0x0000000087500000| Untracked 
| 118|0x0000000087600000, 0x0000000087600000, 0x0000000087700000|  0%| F|  |TAMS 0x0000000087600000, 0x0000000087600000| Untracked 
| 119|0x0000000087700000, 0x0000000087700000, 0x0000000087800000|  0%| F|  |TAMS 0x0000000087700000, 0x0000000087700000| Untracked 
| 120|0x0000000087800000, 0x0000000087880800, 0x0000000087900000| 50%| E|  |TAMS 0x0000000087800000, 0x0000000087800000| Complete 
| 121|0x0000000087900000, 0x0000000087a00000, 0x0000000087a00000|100%| E|CS|TAMS 0x0000000087900000, 0x0000000087900000| Complete 
| 122|0x0000000087a00000, 0x0000000087b00000, 0x0000000087b00000|100%| E|CS|TAMS 0x0000000087a00000, 0x0000000087a00000| Complete 
| 123|0x0000000087b00000, 0x0000000087c00000, 0x0000000087c00000|100%| E|CS|TAMS 0x0000000087b00000, 0x0000000087b00000| Complete 
| 124|0x0000000087c00000, 0x0000000087d00000, 0x0000000087d00000|100%| E|CS|TAMS 0x0000000087c00000, 0x0000000087c00000| Complete 
| 125|0x0000000087d00000, 0x0000000087e00000, 0x0000000087e00000|100%| E|CS|TAMS 0x0000000087d00000, 0x0000000087d00000| Complete 
| 126|0x0000000087e00000, 0x0000000087f00000, 0x0000000087f00000|100%| E|CS|TAMS 0x0000000087e00000, 0x0000000087e00000| Complete 
| 127|0x0000000087f00000, 0x0000000088000000, 0x0000000088000000|100%| E|CS|TAMS 0x0000000087f00000, 0x0000000087f00000| Complete 
| 128|0x0000000088000000, 0x0000000088100000, 0x0000000088100000|100%| E|CS|TAMS 0x0000000088000000, 0x0000000088000000| Complete 
| 129|0x0000000088100000, 0x0000000088200000, 0x0000000088200000|100%| E|CS|TAMS 0x0000000088100000, 0x0000000088100000| Complete 
| 130|0x0000000088200000, 0x0000000088300000, 0x0000000088300000|100%| E|CS|TAMS 0x0000000088200000, 0x0000000088200000| Complete 
| 131|0x0000000088300000, 0x0000000088400000, 0x0000000088400000|100%| E|CS|TAMS 0x0000000088300000, 0x0000000088300000| Complete 
| 132|0x0000000088400000, 0x0000000088500000, 0x0000000088500000|100%| E|CS|TAMS 0x0000000088400000, 0x0000000088400000| Complete 
| 133|0x0000000088500000, 0x0000000088600000, 0x0000000088600000|100%| E|CS|TAMS 0x0000000088500000, 0x0000000088500000| Complete 
| 134|0x0000000088600000, 0x0000000088700000, 0x0000000088700000|100%| E|CS|TAMS 0x0000000088600000, 0x0000000088600000| Complete 
| 135|0x0000000088700000, 0x0000000088800000, 0x0000000088800000|100%| E|CS|TAMS 0x0000000088700000, 0x0000000088700000| Complete 
| 136|0x0000000088800000, 0x0000000088900000, 0x0000000088900000|100%| E|CS|TAMS 0x0000000088800000, 0x0000000088800000| Complete 
| 137|0x0000000088900000, 0x0000000088a00000, 0x0000000088a00000|100%| E|CS|TAMS 0x0000000088900000, 0x0000000088900000| Complete 
| 138|0x0000000088a00000, 0x0000000088b00000, 0x0000000088b00000|100%| E|CS|TAMS 0x0000000088a00000, 0x0000000088a00000| Complete 
| 139|0x0000000088b00000, 0x0000000088c00000, 0x0000000088c00000|100%| E|CS|TAMS 0x0000000088b00000, 0x0000000088b00000| Complete 
| 140|0x0000000088c00000, 0x0000000088d00000, 0x0000000088d00000|100%| E|CS|TAMS 0x0000000088c00000, 0x0000000088c00000| Complete 
| 141|0x0000000088d00000, 0x0000000088e00000, 0x0000000088e00000|100%| E|CS|TAMS 0x0000000088d00000, 0x0000000088d00000| Complete 
| 142|0x0000000088e00000, 0x0000000088f00000, 0x0000000088f00000|100%| E|CS|TAMS 0x0000000088e00000, 0x0000000088e00000| Complete 
| 143|0x0000000088f00000, 0x0000000089000000, 0x0000000089000000|100%| E|CS|TAMS 0x0000000088f00000, 0x0000000088f00000| Complete 
| 144|0x0000000089000000, 0x0000000089100000, 0x0000000089100000|100%| E|CS|TAMS 0x0000000089000000, 0x0000000089000000| Complete 
| 145|0x0000000089100000, 0x0000000089200000, 0x0000000089200000|100%| E|CS|TAMS 0x0000000089100000, 0x0000000089100000| Complete 
| 146|0x0000000089200000, 0x0000000089300000, 0x0000000089300000|100%| E|CS|TAMS 0x0000000089200000, 0x0000000089200000| Complete 
| 147|0x0000000089300000, 0x0000000089400000, 0x0000000089400000|100%| E|CS|TAMS 0x0000000089300000, 0x0000000089300000| Complete 
| 148|0x0000000089400000, 0x0000000089500000, 0x0000000089500000|100%| E|CS|TAMS 0x0000000089400000, 0x0000000089400000| Complete 
| 149|0x0000000089500000, 0x0000000089600000, 0x0000000089600000|100%| E|CS|TAMS 0x0000000089500000, 0x0000000089500000| Complete 
| 150|0x0000000089600000, 0x0000000089700000, 0x0000000089700000|100%| E|CS|TAMS 0x0000000089600000, 0x0000000089600000| Complete 
| 151|0x0000000089700000, 0x0000000089800000, 0x0000000089800000|100%| E|CS|TAMS 0x0000000089700000, 0x0000000089700000| Complete 

Card table byte_map: [0x000001b9b93a0000,0x000001b9b97a0000] _byte_map_base: 0x000001b9b8fa0000

Marking Bits (Prev, Next): (CMBitMap*) 0x000001b9a64df668, (CMBitMap*) 0x000001b9a64df6a0
 Prev Bits: [0x000001b9b9ba0000, 0x000001b9bbba0000)
 Next Bits: [0x000001b9bbba0000, 0x000001b9bdba0000)

Polling page: 0x000001b9a4470000

Metaspace:

Usage:
  Non-class:     41.02 MB capacity,    40.31 MB ( 98%) used,   611.93 KB (  1%) free+waste,   120.13 KB ( <1%) overhead. 
      Class:      6.32 MB capacity,     5.89 MB ( 93%) used,   381.23 KB (  6%) free+waste,    56.88 KB ( <1%) overhead. 
       Both:     47.34 MB capacity,    46.20 MB ( 98%) used,   993.16 KB (  2%) free+waste,   177.00 KB ( <1%) overhead. 

Virtual space:
  Non-class space:       42.00 MB reserved,      41.20 MB ( 98%) committed 
      Class space:        1.00 GB reserved,       6.38 MB ( <1%) committed 
             Both:        1.04 GB reserved,      47.57 MB (  4%) committed 

Chunk freelists:
   Non-Class:  55.00 KB
       Class:  24.00 KB
        Both:  79.00 KB

MaxMetaspaceSize: 17179869184.00 GB
CompressedClassSpaceSize: 1.00 GB

CodeHeap 'non-profiled nmethods': size=120064Kb used=2487Kb max_used=2487Kb free=117576Kb
 bounds [0x000001b9b1a60000, 0x000001b9b1cd0000, 0x000001b9b8fa0000]
CodeHeap 'profiled nmethods': size=120000Kb used=9677Kb max_used=9677Kb free=110322Kb
 bounds [0x000001b9aa530000, 0x000001b9aaeb0000, 0x000001b9b1a60000]
CodeHeap 'non-nmethods': size=5696Kb used=2217Kb max_used=2247Kb free=3478Kb
 bounds [0x000001b9a9fa0000, 0x000001b9aa210000, 0x000001b9aa530000]
 total_blobs=5609 nmethods=4822 adapters=698
 compilation: enabled
              stopped_count=0, restarted_count=0
 full_count=0

Compilation events (20 events):
Event: 32.872 Thread 0x000001b9c00a8800 nmethod 4800 0x000001b9b1cc8d90 code [0x000001b9b1cc8f40, 0x000001b9b1cc8ff8]
Event: 32.872 Thread 0x000001b9c00a8800 4801       1       org.gradle.api.internal.artifacts.ivyservice.resolveengine.graph.builder.ComponentState::getModuleVersion (5 bytes)
Event: 32.872 Thread 0x000001b9c00a8800 nmethod 4801 0x000001b9b1cc9090 code [0x000001b9b1cc9240, 0x000001b9b1cc92f8]
Event: 32.872 Thread 0x000001b9c00a8800 4802       1       org.gradle.api.internal.artifacts.ivyservice.resolveengine.graph.builder.NodeState::getOutgoingEdges (5 bytes)
Event: 32.872 Thread 0x000001b9c00a8800 nmethod 4802 0x000001b9b1cc9390 code [0x000001b9b1cc9540, 0x000001b9b1cc95f8]
Event: 32.872 Thread 0x000001b9c00a8800 4803       1       org.gradle.api.internal.artifacts.ResolvedConfigurationIdentifier::getId (5 bytes)
Event: 32.872 Thread 0x000001b9c00a8800 nmethod 4803 0x000001b9b1cc9690 code [0x000001b9b1cc9840, 0x000001b9b1cc98f8]
Event: 32.872 Thread 0x000001b9c00a8800 4804       1       org.gradle.api.internal.artifacts.ivyservice.ivyresolve.RepositoryChainModuleSource::getRepositoryName (5 bytes)
Event: 32.872 Thread 0x000001b9c00a8800 nmethod 4804 0x000001b9b1cc9990 code [0x000001b9b1cc9b40, 0x000001b9b1cc9bf8]
Event: 32.876 Thread 0x000001b9c00a3000 4805       4       com.esotericsoftware.kryo.io.Output::writeInt (81 bytes)
Event: 32.878 Thread 0x000001b9c00a8800 4806       3       org.gradle.api.internal.artifacts.ivyservice.resolveengine.graph.builder.EdgeState::getFailure (104 bytes)
Event: 32.879 Thread 0x000001b9c00a8800 nmethod 4806 0x000001b9aae8a090 code [0x000001b9aae8a2e0, 0x000001b9aae8ab98]
Event: 32.883 Thread 0x000001b9c00a8800 4808       3       com.google.common.collect.ImmutableSet$Builder::<init> (6 bytes)
Event: 32.884 Thread 0x000001b9c00a8800 nmethod 4808 0x000001b9aae8ae90 code [0x000001b9aae8b060, 0x000001b9aae8b388]
Event: 32.886 Thread 0x000001b9c00a3000 nmethod 4805 0x000001b9b1cc9c90 code [0x000001b9b1cc9e40, 0x000001b9b1cca388]
Event: 32.886 Thread 0x000001b9c00a3000 4807       4       org.gradle.internal.serialize.kryo.StringDeduplicatingKryoBackedEncoder::writeString (20 bytes)
Event: 32.904 Thread 0x000001b9c00a8800 4809       3       com.google.common.collect.RegularImmutableMap::createEntrySet (13 bytes)
Event: 32.905 Thread 0x000001b9c00a8800 nmethod 4809 0x000001b9aae8b510 code [0x000001b9aae8b720, 0x000001b9aae8bca8]
Event: 32.905 Thread 0x000001b9c00a8800 4810       3       com.google.common.collect.ImmutableMapEntrySet$RegularEntrySet::<init> (10 bytes)
Event: 32.905 Thread 0x000001b9c00a8800 nmethod 4810 0x000001b9aae8bf10 code [0x000001b9aae8c100, 0x000001b9aae8c5c8]

GC Heap History (18 events):
Event: 0.776 GC heap before
{Heap before GC invocations=0 (full 0):
 garbage-first heap   total 129024K, used 19456K [0x0000000080000000, 0x0000000100000000)
  region size 1024K, 14 young (14336K), 0 survivors (0K)
 Metaspace       used 6736K, capacity 6925K, committed 7168K, reserved 1056768K
  class space    used 582K, capacity 650K, committed 768K, reserved 1048576K
}
Event: 0.785 GC heap after
{Heap after GC invocations=1 (full 0):
 garbage-first heap   total 129024K, used 8005K [0x0000000080000000, 0x0000000100000000)
  region size 1024K, 2 young (2048K), 2 survivors (2048K)
 Metaspace       used 6736K, capacity 6925K, committed 7168K, reserved 1056768K
  class space    used 582K, capacity 650K, committed 768K, reserved 1048576K
}
Event: 1.336 GC heap before
{Heap before GC invocations=1 (full 0):
 garbage-first heap   total 129024K, used 18245K [0x0000000080000000, 0x0000000100000000)
  region size 1024K, 12 young (12288K), 2 survivors (2048K)
 Metaspace       used 9861K, capacity 10118K, committed 10368K, reserved 1058816K
  class space    used 1027K, capacity 1102K, committed 1152K, reserved 1048576K
}
Event: 1.340 GC heap after
{Heap after GC invocations=2 (full 0):
 garbage-first heap   total 129024K, used 9536K [0x0000000080000000, 0x0000000100000000)
  region size 1024K, 2 young (2048K), 2 survivors (2048K)
 Metaspace       used 9861K, capacity 10118K, committed 10368K, reserved 1058816K
  class space    used 1027K, capacity 1102K, committed 1152K, reserved 1048576K
}
Event: 1.981 GC heap before
{Heap before GC invocations=2 (full 0):
 garbage-first heap   total 129024K, used 37184K [0x0000000080000000, 0x0000000100000000)
  region size 1024K, 29 young (29696K), 2 survivors (2048K)
 Metaspace       used 10837K, capacity 11009K, committed 11264K, reserved 1058816K
  class space    used 1131K, capacity 1207K, committed 1280K, reserved 1048576K
}
Event: 1.986 GC heap after
{Heap after GC invocations=3 (full 0):
 garbage-first heap   total 129024K, used 12023K [0x0000000080000000, 0x0000000100000000)
  region size 1024K, 3 young (3072K), 3 survivors (3072K)
 Metaspace       used 10837K, capacity 11009K, committed 11264K, reserved 1058816K
  class space    used 1131K, capacity 1207K, committed 1280K, reserved 1048576K
}
Event: 7.193 GC heap before
{Heap before GC invocations=3 (full 0):
 garbage-first heap   total 129024K, used 78583K [0x0000000080000000, 0x0000000100000000)
  region size 1024K, 69 young (70656K), 3 survivors (3072K)
 Metaspace       used 20099K, capacity 20549K, committed 20864K, reserved 1067008K
  class space    used 2461K, capacity 2623K, committed 2688K, reserved 1048576K
}
Event: 7.228 GC heap after
{Heap after GC invocations=4 (full 0):
 garbage-first heap   total 129024K, used 16989K [0x0000000080000000, 0x0000000100000000)
  region size 1024K, 9 young (9216K), 9 survivors (9216K)
 Metaspace       used 20099K, capacity 20549K, committed 20864K, reserved 1067008K
  class space    used 2461K, capacity 2623K, committed 2688K, reserved 1048576K
}
Event: 7.841 GC heap before
{Heap before GC invocations=4 (full 0):
 garbage-first heap   total 129024K, used 21085K [0x0000000080000000, 0x0000000100000000)
  region size 1024K, 14 young (14336K), 9 survivors (9216K)
 Metaspace       used 20659K, capacity 21076K, committed 21248K, reserved 1067008K
  class space    used 2538K, capacity 2692K, committed 2816K, reserved 1048576K
}
Event: 7.855 GC heap after
{Heap after GC invocations=5 (full 0):
 garbage-first heap   total 129024K, used 17611K [0x0000000080000000, 0x0000000100000000)
  region size 1024K, 1 young (1024K), 1 survivors (1024K)
 Metaspace       used 20659K, capacity 21076K, committed 21248K, reserved 1067008K
  class space    used 2538K, capacity 2692K, committed 2816K, reserved 1048576K
}
Event: 10.111 GC heap before
{Heap before GC invocations=6 (full 0):
 garbage-first heap   total 129024K, used 77003K [0x0000000080000000, 0x0000000100000000)
  region size 1024K, 60 young (61440K), 1 survivors (1024K)
 Metaspace       used 26487K, capacity 27109K, committed 27264K, reserved 1073152K
  class space    used 3484K, capacity 3689K, committed 3712K, reserved 1048576K
}
Event: 10.116 GC heap after
{Heap after GC invocations=7 (full 0):
 garbage-first heap   total 129024K, used 19151K [0x0000000080000000, 0x0000000100000000)
  region size 1024K, 3 young (3072K), 3 survivors (3072K)
 Metaspace       used 26487K, capacity 27109K, committed 27264K, reserved 1073152K
  class space    used 3484K, capacity 3689K, committed 3712K, reserved 1048576K
}
Event: 11.810 GC heap before
{Heap before GC invocations=7 (full 0):
 garbage-first heap   total 129024K, used 72399K [0x0000000080000000, 0x0000000100000000)
  region size 1024K, 56 young (57344K), 3 survivors (3072K)
 Metaspace       used 34999K, capacity 35790K, committed 35840K, reserved 1081344K
  class space    used 4557K, capacity 4863K, committed 4864K, reserved 1048576K
}
Event: 11.821 GC heap after
{Heap after GC invocations=8 (full 0):
 garbage-first heap   total 129024K, used 22649K [0x0000000080000000, 0x0000000100000000)
  region size 1024K, 6 young (6144K), 6 survivors (6144K)
 Metaspace       used 34999K, capacity 35790K, committed 35840K, reserved 1081344K
  class space    used 4557K, capacity 4863K, committed 4864K, reserved 1048576K
}
Event: 15.972 GC heap before
{Heap before GC invocations=9 (full 0):
 garbage-first heap   total 129024K, used 90233K [0x0000000080000000, 0x0000000100000000)
  region size 1024K, 70 young (71680K), 6 survivors (6144K)
 Metaspace       used 40143K, capacity 41092K, committed 41292K, reserved 1085440K
  class space    used 5137K, capacity 5496K, committed 5504K, reserved 1048576K
}
Event: 16.003 GC heap after
{Heap after GC invocations=10 (full 0):
 garbage-first heap   total 129024K, used 27768K [0x0000000080000000, 0x0000000100000000)
  region size 1024K, 9 young (9216K), 9 survivors (9216K)
 Metaspace       used 40143K, capacity 41092K, committed 41292K, reserved 1085440K
  class space    used 5137K, capacity 5496K, committed 5504K, reserved 1048576K
}
Event: 23.507 GC heap before
{Heap before GC invocations=10 (full 0):
 garbage-first heap   total 129024K, used 91256K [0x0000000080000000, 0x0000000100000000)
  region size 1024K, 71 young (72704K), 9 survivors (9216K)
 Metaspace       used 45056K, capacity 46138K, committed 46412K, reserved 1089536K
  class space    used 5782K, capacity 6146K, committed 6272K, reserved 1048576K
}
Event: 23.553 GC heap after
{Heap after GC invocations=11 (full 0):
 garbage-first heap   total 155648K, used 29672K [0x0000000080000000, 0x0000000100000000)
  region size 1024K, 3 young (3072K), 3 survivors (3072K)
 Metaspace       used 45056K, capacity 46138K, committed 46412K, reserved 1089536K
  class space    used 5782K, capacity 6146K, committed 6272K, reserved 1048576K
}

Deoptimization events (20 events):
Event: 32.028 Thread 0x000001b9c0e1f000 Uncommon trap: trap_request=0xffffff4d fr.pc=0x000001b9b1c85b2c relative=0x00000000000004ec
Event: 32.028 Thread 0x000001b9c0e1f000 Uncommon trap: reason=unstable_if action=reinterpret pc=0x000001b9b1c85b2c method=com.esotericsoftware.kryo.io.Input.readUtf8(I)V @ 79 c2
Event: 32.028 Thread 0x000001b9c0e1f000 DEOPT PACKING pc=0x000001b9b1c85b2c sp=0x0000008e1cef7d50
Event: 32.028 Thread 0x000001b9c0e1f000 DEOPT UNPACKING pc=0x000001b9a9fc662f sp=0x0000008e1cef7ce8 mode 2
Event: 32.691 Thread 0x000001b9c0e1f000 Uncommon trap: trap_request=0xffffffc6 fr.pc=0x000001b9b1cc105c relative=0x00000000000004dc
Event: 32.691 Thread 0x000001b9c0e1f000 Uncommon trap: reason=bimorphic_or_optimized_type_check action=maybe_recompile pc=0x000001b9b1cc105c method=com.google.common.collect.ImmutableList.copyOf(Ljava/util/Collection;)Lcom/google/common/collect/ImmutableList; @ 35 c2
Event: 32.691 Thread 0x000001b9c0e1f000 DEOPT PACKING pc=0x000001b9b1cc105c sp=0x0000008e1cef86a0
Event: 32.691 Thread 0x000001b9c0e1f000 DEOPT UNPACKING pc=0x000001b9a9fc662f sp=0x0000008e1cef8668 mode 2
Event: 32.693 Thread 0x000001b9c0e1f000 Uncommon trap: trap_request=0xffffffc6 fr.pc=0x000001b9b1cc105c relative=0x00000000000004dc
Event: 32.693 Thread 0x000001b9c0e1f000 Uncommon trap: reason=bimorphic_or_optimized_type_check action=maybe_recompile pc=0x000001b9b1cc105c method=com.google.common.collect.ImmutableList.copyOf(Ljava/util/Collection;)Lcom/google/common/collect/ImmutableList; @ 35 c2
Event: 32.693 Thread 0x000001b9c0e1f000 DEOPT PACKING pc=0x000001b9b1cc105c sp=0x0000008e1cef85d0
Event: 32.693 Thread 0x000001b9c0e1f000 DEOPT UNPACKING pc=0x000001b9a9fc662f sp=0x0000008e1cef8598 mode 2
Event: 32.733 Thread 0x000001b9c0e1f000 Uncommon trap: trap_request=0xffffffc6 fr.pc=0x000001b9b1cc105c relative=0x00000000000004dc
Event: 32.733 Thread 0x000001b9c0e1f000 Uncommon trap: reason=bimorphic_or_optimized_type_check action=maybe_recompile pc=0x000001b9b1cc105c method=com.google.common.collect.ImmutableList.copyOf(Ljava/util/Collection;)Lcom/google/common/collect/ImmutableList; @ 35 c2
Event: 32.733 Thread 0x000001b9c0e1f000 DEOPT PACKING pc=0x000001b9b1cc105c sp=0x0000008e1cef86a0
Event: 32.733 Thread 0x000001b9c0e1f000 DEOPT UNPACKING pc=0x000001b9a9fc662f sp=0x0000008e1cef8668 mode 2
Event: 32.735 Thread 0x000001b9c0e1f000 Uncommon trap: trap_request=0xffffffc6 fr.pc=0x000001b9b1cc105c relative=0x00000000000004dc
Event: 32.735 Thread 0x000001b9c0e1f000 Uncommon trap: reason=bimorphic_or_optimized_type_check action=maybe_recompile pc=0x000001b9b1cc105c method=com.google.common.collect.ImmutableList.copyOf(Ljava/util/Collection;)Lcom/google/common/collect/ImmutableList; @ 35 c2
Event: 32.735 Thread 0x000001b9c0e1f000 DEOPT PACKING pc=0x000001b9b1cc105c sp=0x0000008e1cef85d0
Event: 32.735 Thread 0x000001b9c0e1f000 DEOPT UNPACKING pc=0x000001b9a9fc662f sp=0x0000008e1cef8598 mode 2

Classes redefined (0 events):
No events

Internal exceptions (20 events):
Event: 19.800 Thread 0x000001b9c0e1f000 Exception <a 'java/lang/ClassNotFoundException'{0x0000000086232f28}: org/gradle/api/internal/initialization/DefaultScriptHandlerCustomizer> (0x0000000086232f28) thrown at [./src/hotspot/share/classfile/systemDictionary.cpp, line 231]
Event: 21.342 Thread 0x000001b9c0e1f000 Exception <a 'java/lang/ClassNotFoundException'{0x0000000085a17e90}: org/gradle/api/internal/artifacts/dsl/dependencies/DefaultDependencyHandler_DecoratedBeanInfo> (0x0000000085a17e90) thrown at [./src/hotspot/share/classfile/systemDictionary.cpp, line 231]
Event: 21.345 Thread 0x000001b9c0e1f000 Exception <a 'java/lang/ClassNotFoundException'{0x0000000085a56478}: org/gradle/api/internal/artifacts/dsl/dependencies/DefaultDependencyHandlerBeanInfo> (0x0000000085a56478) thrown at [./src/hotspot/share/classfile/systemDictionary.cpp, line 231]
Event: 21.348 Thread 0x000001b9c0e1f000 Exception <a 'java/lang/ClassNotFoundException'{0x0000000085a94de0}: org/gradle/api/internal/artifacts/dsl/dependencies/DefaultDependencyHandlerCustomizer> (0x0000000085a94de0) thrown at [./src/hotspot/share/classfile/systemDictionary.cpp, line 231]
Event: 21.401 Thread 0x000001b9c0e1f000 Exception <a 'java/lang/ClassNotFoundException'{0x0000000085afcbd0}: org/gradle/api/internal/artifacts/dsl/dependencies/DefaultDependencyHandler_DecoratedCustomizer> (0x0000000085afcbd0) thrown at [./src/hotspot/share/classfile/systemDictionary.cpp, line 231]
Event: 21.544 Thread 0x000001b9c0e1f000 Exception <a 'java/lang/ClassNotFoundException'{0x00000000858d5e08}: groovy/lang/GString$1BeanInfo> (0x00000000858d5e08) thrown at [./src/hotspot/share/classfile/systemDictionary.cpp, line 231]
Event: 21.547 Thread 0x000001b9c0e1f000 Exception <a 'java/lang/ClassNotFoundException'{0x000000008570bf98}: groovy/lang/GStringBeanInfo> (0x000000008570bf98) thrown at [./src/hotspot/share/classfile/systemDictionary.cpp, line 231]
Event: 21.550 Thread 0x000001b9c0e1f000 Exception <a 'java/lang/ClassNotFoundException'{0x0000000085741fd8}: groovy/lang/GStringCustomizer> (0x0000000085741fd8) thrown at [./src/hotspot/share/classfile/systemDictionary.cpp, line 231]
Event: 21.559 Thread 0x000001b9c0e1f000 Exception <a 'java/lang/ClassNotFoundException'{0x00000000857816e0}: groovy/lang/GString$1Customizer> (0x00000000857816e0) thrown at [./src/hotspot/share/classfile/systemDictionary.cpp, line 231]
Event: 21.648 Thread 0x000001b9c0e1f000 Exception <a 'java/lang/ClassNotFoundException'{0x000000008532fe20}: org/codehaus/groovy/runtime/GStringImplBeanInfo> (0x000000008532fe20) thrown at [./src/hotspot/share/classfile/systemDictionary.cpp, line 231]
Event: 21.691 Thread 0x000001b9c0e1f000 Exception <a 'java/lang/ClassNotFoundException'{0x00000000851e1318}: org/codehaus/groovy/runtime/GStringImplCustomizer> (0x00000000851e1318) thrown at [./src/hotspot/share/classfile/systemDictionary.cpp, line 231]
Event: 23.645 Thread 0x000001b9c0e1f000 Exception <a 'java/lang/NoSuchMethodError'{0x0000000089629e28}: 'java.lang.Object java.lang.invoke.DelegatingMethodHandle$Holder.reinvoke_L(java.lang.Object, java.lang.Object, java.lang.Object, java.lang.Object, java.lang.Object, java.lang.Object, java.lang.Object, java.lang.Object, java.lang.Object, java.lang.Object, java.lang.Object, java.lang.Object, java.lang.Object, java.lang.Object, java.lang.Object, java.lang.Object, java.lang.Object, java.lang.Object, java.lang.Object, java.lang.Object)'> (0x000000
Event: 23.646 Thread 0x000001b9c0e1f000 Exception <a 'java/lang/NoSuchMethodError'{0x00000000896358c8}: 'java.lang.Object java.lang.invoke.DirectMethodHandle$Holder.invokeSpecial(java.lang.Object, java.lang.Object, java.lang.Object, java.lang.Object, java.lang.Object, java.lang.Object, java.lang.Object, java.lang.Object, java.lang.Object, java.lang.Object, java.lang.Object, java.lang.Object, java.lang.Object, java.lang.Object, java.lang.Object, java.lang.Object, java.lang.Object, java.lang.Object, java.lang.Object, java.lang.Object)'> (0x0000000
Event: 23.647 Thread 0x000001b9c0e1f000 Exception <a 'java/lang/NoSuchMethodError'{0x000000008963b808}: 'java.lang.Object java.lang.invoke.Invokers$Holder.invoker(java.lang.Object, java.lang.Object, java.lang.Object, java.lang.Object, java.lang.Object, java.lang.Object, java.lang.Object, java.lang.Object, java.lang.Object, java.lang.Object, java.lang.Object, java.lang.Object, java.lang.Object, java.lang.Object, java.lang.Object, java.lang.Object, java.lang.Object, java.lang.Object, java.lang.Object, java.lang.Object)'> (0x000000008963b808) throw
Event: 23.647 Thread 0x000001b9c0e1f000 Exception <a 'java/lang/NoSuchMethodError'{0x0000000089642918}: 'java.lang.Object java.lang.invoke.DelegatingMethodHandle$Holder.delegate(java.lang.Object, java.lang.Object, java.lang.Object, java.lang.Object, java.lang.Object, java.lang.Object, java.lang.Object, java.lang.Object, java.lang.Object, java.lang.Object, java.lang.Object, java.lang.Object, java.lang.Object, java.lang.Object, java.lang.Object, java.lang.Object, java.lang.Object, java.lang.Object, java.lang.Object, java.lang.Object)'> (0x00000000
Event: 23.662 Thread 0x000001b9c0e1f000 Exception <a 'java/lang/NoSuchMethodError'{0x00000000896b56b0}: 'java.lang.Object java.lang.invoke.DirectMethodHandle$Holder.invokeStatic(java.lang.Object, java.lang.Object, java.lang.Object, java.lang.Object, java.lang.Object, java.lang.Object, java.lang.Object, java.lang.Object, java.lang.Object, java.lang.Object, java.lang.Object, java.lang.Object, java.lang.Object, java.lang.Object, java.lang.Object)'> (0x00000000896b56b0) thrown at [./src/hotspot/share/interpreter/linkResolver.cpp, line 773]
Event: 23.666 Thread 0x000001b9c0e1f000 Exception <a 'java/lang/NoSuchMethodError'{0x00000000896c5e00}: 'java.lang.Object java.lang.invoke.DirectMethodHandle$Holder.invokeStatic(java.lang.Object, java.lang.Object, java.lang.Object, java.lang.Object, java.lang.Object, java.lang.Object, java.lang.Object, java.lang.Object, java.lang.Object, java.lang.Object, java.lang.Object, java.lang.Object, java.lang.Object, java.lang.Object, java.lang.Object, java.lang.Object)'> (0x00000000896c5e00) thrown at [./src/hotspot/share/interpreter/linkResolver.cpp, l
Event: 23.668 Thread 0x000001b9c0e1f000 Exception <a 'java/lang/NoSuchMethodError'{0x00000000896d62d8}: 'java.lang.Object java.lang.invoke.DelegatingMethodHandle$Holder.reinvoke_L(java.lang.Object, java.lang.Object, java.lang.Object, java.lang.Object, java.lang.Object, java.lang.Object, java.lang.Object, java.lang.Object, java.lang.Object, java.lang.Object, java.lang.Object, java.lang.Object, java.lang.Object, java.lang.Object, java.lang.Object, java.lang.Object, java.lang.Object, java.lang.Object, java.lang.Object)'> (0x00000000896d62d8) thrown
Event: 24.854 Thread 0x000001b9c0e1f000 Exception <a 'java/lang/IncompatibleClassChangeError'{0x000000008926b420}: Found class java.lang.Object, but interface was expected> (0x000000008926b420) thrown at [./src/hotspot/share/interpreter/linkResolver.cpp, line 839]
Event: 28.126 Thread 0x000001b9c0e1f000 Exception <a 'java/lang/NoSuchMethodError'{0x00000000889a37d8}: 'int java.lang.invoke.DirectMethodHandle$Holder.invokeStaticInit(java.lang.Object)'> (0x00000000889a37d8) thrown at [./src/hotspot/share/interpreter/linkResolver.cpp, line 773]

Events (20 events):
Event: 32.904 loading class org/gradle/api/internal/artifacts/ivyservice/resolveengine/artifact/DefaultArtifactSet$LazyArtifactSupplier
Event: 32.904 loading class org/gradle/api/internal/artifacts/ivyservice/resolveengine/artifact/DefaultArtifactSet$LazyArtifactSupplier done
Event: 32.906 loading class org/gradle/internal/resolve/result/BuildableArtifactResolveResult
Event: 32.906 loading class org/gradle/internal/resolve/result/BuildableArtifactResolveResult done
Event: 32.907 loading class org/gradle/api/internal/artifacts/DefaultResolvableArtifact
Event: 32.907 loading class org/gradle/api/internal/artifacts/DefaultResolvableArtifact done
Event: 32.908 loading class org/gradle/api/internal/tasks/FinalizeAction
Event: 32.908 loading class org/gradle/api/internal/tasks/FinalizeAction done
Event: 32.909 loading class org/gradle/api/artifacts/ResolvedArtifact
Event: 32.909 loading class org/gradle/api/artifacts/ResolvedArtifact done
Event: 32.910 loading class org/gradle/api/internal/tasks/TaskDependencyResolveContext
Event: 32.910 loading class org/gradle/api/internal/tasks/TaskDependencyResolveContext done
Event: 32.910 loading class org/gradle/internal/component/model/ComponentArtifactMetadata
Event: 32.910 loading class org/gradle/internal/component/model/ComponentArtifactMetadata done
Event: 32.910 loading class org/gradle/internal/component/model/ComponentArtifactMetadata
Event: 32.910 loading class org/gradle/internal/component/model/ComponentArtifactMetadata done
Event: 32.910 loading class org/gradle/api/internal/artifacts/DefaultResolvableArtifact$1
Event: 32.910 loading class org/gradle/api/internal/artifacts/DefaultResolvableArtifact$1 done
Event: 32.911 loading class org/gradle/api/internal/artifacts/PreResolvedResolvableArtifact
Event: 32.911 loading class org/gradle/api/internal/artifacts/PreResolvedResolvableArtifact done


Dynamic libraries:
0x00007ff764690000 - 0x00007ff76469a000 	C:\Program Files\Android\Android Studio\jre\bin\java.exe
0x00007ffc06530000 - 0x00007ffc06725000 	C:\WINDOWS\SYSTEM32\ntdll.dll
0x00007ffc05640000 - 0x00007ffc056fe000 	C:\WINDOWS\System32\KERNEL32.DLL
0x00007ffc03de0000 - 0x00007ffc040a8000 	C:\WINDOWS\System32\KERNELBASE.dll
0x00007ffc043f0000 - 0x00007ffc044f0000 	C:\WINDOWS\System32\ucrtbase.dll
0x00007ffbdc390000 - 0x00007ffbdc3a7000 	C:\Program Files\Android\Android Studio\jre\bin\VCRUNTIME140.dll
0x00007ffbd9570000 - 0x00007ffbd9589000 	C:\Program Files\Android\Android Studio\jre\bin\jli.dll
0x00007ffc062a0000 - 0x00007ffc06440000 	C:\WINDOWS\System32\USER32.dll
0x00007ffc03db0000 - 0x00007ffc03dd2000 	C:\WINDOWS\System32\win32u.dll
0x00007ffbf1120000 - 0x00007ffbf13ba000 	C:\WINDOWS\WinSxS\amd64_microsoft.windows.common-controls_6595b64144ccf1df_6.0.19041.1110_none_60b5254171f9507e\COMCTL32.dll
0x00007ffc04dd0000 - 0x00007ffc04dfb000 	C:\WINDOWS\System32\GDI32.dll
0x00007ffc03c50000 - 0x00007ffc03d5b000 	C:\WINDOWS\System32\gdi32full.dll
0x00007ffc053f0000 - 0x00007ffc0548e000 	C:\WINDOWS\System32\msvcrt.dll
0x00007ffc044f0000 - 0x00007ffc0458d000 	C:\WINDOWS\System32\msvcp_win.dll
0x00007ffc052b0000 - 0x00007ffc052e0000 	C:\WINDOWS\System32\IMM32.DLL
0x00007ffbbe1f0000 - 0x00007ffbbe28d000 	C:\Program Files\Android\Android Studio\jre\bin\msvcp140.dll
0x00007ffbaffc0000 - 0x00007ffbb0a95000 	C:\Program Files\Android\Android Studio\jre\bin\server\jvm.dll
0x00007ffc05200000 - 0x00007ffc052ae000 	C:\WINDOWS\System32\ADVAPI32.dll
0x00007ffc052e0000 - 0x00007ffc0537c000 	C:\WINDOWS\System32\sechost.dll
0x00007ffc04ee0000 - 0x00007ffc05005000 	C:\WINDOWS\System32\RPCRT4.dll
0x00007ffc054f0000 - 0x00007ffc054f8000 	C:\WINDOWS\System32\PSAPI.DLL
0x00007ffbecc70000 - 0x00007ffbecc79000 	C:\WINDOWS\SYSTEM32\WSOCK32.dll
0x00007ffbfa470000 - 0x00007ffbfa47a000 	C:\WINDOWS\SYSTEM32\VERSION.dll
0x00007ffbee990000 - 0x00007ffbee9b7000 	C:\WINDOWS\SYSTEM32\WINMM.dll
0x00007ffc05380000 - 0x00007ffc053eb000 	C:\WINDOWS\System32\WS2_32.dll
0x00007ffc02520000 - 0x00007ffc02532000 	C:\WINDOWS\SYSTEM32\kernel.appcore.dll
0x00007ffbe6580000 - 0x00007ffbe6591000 	C:\Program Files\Android\Android Studio\jre\bin\verify.dll
0x00007ffc01a50000 - 0x00007ffc01c34000 	C:\WINDOWS\SYSTEM32\DBGHELP.DLL
0x00007ffbeb510000 - 0x00007ffbeb53c000 	C:\WINDOWS\SYSTEM32\dbgcore.DLL
0x00007ffc040b0000 - 0x00007ffc04132000 	C:\WINDOWS\System32\bcryptPrimitives.dll
0x00007ffbe3d30000 - 0x00007ffbe3d59000 	C:\Program Files\Android\Android Studio\jre\bin\java.dll
0x00007ffbfee70000 - 0x00007ffbfee7b000 	C:\Program Files\Android\Android Studio\jre\bin\jimage.dll
0x00007ffbe3ae0000 - 0x00007ffbe3af8000 	C:\Program Files\Android\Android Studio\jre\bin\zip.dll
0x00007ffc05ac0000 - 0x00007ffc06204000 	C:\WINDOWS\System32\SHELL32.dll
0x00007ffc01c60000 - 0x00007ffc023f4000 	C:\WINDOWS\SYSTEM32\windows.storage.dll
0x00007ffc045f0000 - 0x00007ffc04944000 	C:\WINDOWS\System32\combase.dll
0x00007ffc036b0000 - 0x00007ffc036dc000 	C:\WINDOWS\SYSTEM32\Wldp.dll
0x00007ffc06440000 - 0x00007ffc064ed000 	C:\WINDOWS\System32\SHCORE.dll
0x00007ffc04590000 - 0x00007ffc045e5000 	C:\WINDOWS\System32\shlwapi.dll
0x00007ffc03b90000 - 0x00007ffc03baf000 	C:\WINDOWS\SYSTEM32\profapi.dll
0x00007ffbe3ac0000 - 0x00007ffbe3ada000 	C:\Program Files\Android\Android Studio\jre\bin\net.dll
0x00007ffbf0e80000 - 0x00007ffbf0f89000 	C:\WINDOWS\SYSTEM32\WINHTTP.dll
0x00007ffc03410000 - 0x00007ffc0347a000 	C:\WINDOWS\system32\mswsock.dll
0x00007ffbe3a70000 - 0x00007ffbe3a84000 	C:\Program Files\Android\Android Studio\jre\bin\nio.dll
0x00007ffbe30a0000 - 0x00007ffbe30c7000 	C:\Users\jack\.gradle\native\e1d6ef7f7dcc3fd88c89a11ec53ec762bb8ba0a96d01ffa2cd45eb1d1d8dd5c5\windows-amd64\native-platform.dll
0x00007ffbb3ba0000 - 0x00007ffbb3ce4000 	C:\Users\jack\.gradle\native\5664cfc778a61ccfe75a443a1ab52a65af34e5dc3c78e0209fed803814484fcb\windows-amd64\native-platform-file-events.dll
0x00007ffbfee20000 - 0x00007ffbfee2a000 	C:\Program Files\Android\Android Studio\jre\bin\management.dll
0x00007ffbfd1e0000 - 0x00007ffbfd1ed000 	C:\Program Files\Android\Android Studio\jre\bin\management_ext.dll
0x00007ffc03610000 - 0x00007ffc03628000 	C:\WINDOWS\SYSTEM32\CRYPTSP.dll
0x00007ffc02d10000 - 0x00007ffc02d44000 	C:\WINDOWS\system32\rsaenh.dll
0x00007ffc04140000 - 0x00007ffc04167000 	C:\WINDOWS\System32\bcrypt.dll
0x00007ffc03b10000 - 0x00007ffc03b3e000 	C:\WINDOWS\SYSTEM32\USERENV.dll
0x00007ffc03600000 - 0x00007ffc0360c000 	C:\WINDOWS\SYSTEM32\CRYPTBASE.dll
0x00007ffc030b0000 - 0x00007ffc030eb000 	C:\WINDOWS\SYSTEM32\IPHLPAPI.DLL
0x00007ffc04dc0000 - 0x00007ffc04dc8000 	C:\WINDOWS\System32\NSI.dll
0x00007ffbf2f30000 - 0x00007ffbf2f47000 	C:\WINDOWS\SYSTEM32\dhcpcsvc6.DLL
0x00007ffbf9f50000 - 0x00007ffbf9f6d000 	C:\WINDOWS\SYSTEM32\dhcpcsvc.DLL
0x00007ffc03150000 - 0x00007ffc0321a000 	C:\WINDOWS\SYSTEM32\DNSAPI.dll

dbghelp: loaded successfully - version: 4.0.5 - missing functions: none
symbol engine: initialized successfully - sym options: 0x614 - pdb path: .;C:\Program Files\Android\Android Studio\jre\bin;C:\WINDOWS\SYSTEM32;C:\WINDOWS\WinSxS\amd64_microsoft.windows.common-controls_6595b64144ccf1df_6.0.19041.1110_none_60b5254171f9507e;C:\Program Files\Android\Android Studio\jre\bin\server;C:\Users\jack\.gradle\native\e1d6ef7f7dcc3fd88c89a11ec53ec762bb8ba0a96d01ffa2cd45eb1d1d8dd5c5\windows-amd64;C:\Users\jack\.gradle\native\5664cfc778a61ccfe75a443a1ab52a65af34e5dc3c78e0209fed803814484fcb\windows-amd64

VM Arguments:
jvm_args: --add-opens=java.base/java.util=ALL-UNNAMED --add-opens=java.base/java.lang=ALL-UNNAMED --add-opens=java.base/java.lang.invoke=ALL-UNNAMED --add-opens=java.base/java.util=ALL-UNNAMED --add-opens=java.prefs/java.util.prefs=ALL-UNNAMED --add-opens=java.prefs/java.util.prefs=ALL-UNNAMED --add-opens=java.base/java.nio.charset=ALL-UNNAMED --add-opens=java.base/java.net=ALL-UNNAMED --add-opens=java.base/java.util.concurrent.atomic=ALL-UNNAMED -Xmx2048M -Dfile.encoding=UTF-8 -Duser.country=US -Duser.language=en -Duser.variant 
java_command: org.gradle.launcher.daemon.bootstrap.GradleDaemon 7.2
java_class_path (initial): C:\Users\jack\.gradle\wrapper\dists\gradle-7.2-bin\2dnblmf4td7x66yl1d74lt32g\gradle-7.2\lib\gradle-launcher-7.2.jar
Launcher Type: SUN_STANDARD

[Global flags]
     intx CICompilerCount                          = 3                                         {product} {ergonomic}
     uint ConcGCThreads                            = 1                                         {product} {ergonomic}
     uint G1ConcRefinementThreads                  = 4                                         {product} {ergonomic}
   size_t G1HeapRegionSize                         = 1048576                                   {product} {ergonomic}
    uintx GCDrainStackTargetSize                   = 64                                        {product} {ergonomic}
   size_t InitialHeapSize                          = 132120576                                 {product} {ergonomic}
   size_t MarkStackSize                            = 4194304                                   {product} {ergonomic}
   size_t MaxHeapSize                              = 2147483648                                {product} {command line}
   size_t MaxNewSize                               = 1287651328                                {product} {ergonomic}
   size_t MinHeapDeltaBytes                        = 1048576                                   {product} {ergonomic}
    uintx NonNMethodCodeHeapSize                   = 5830732                                {pd product} {ergonomic}
    uintx NonProfiledCodeHeapSize                  = 122913754                              {pd product} {ergonomic}
    uintx ProfiledCodeHeapSize                     = 122913754                              {pd product} {ergonomic}
    uintx ReservedCodeCacheSize                    = 251658240                              {pd product} {ergonomic}
     bool SegmentedCodeCache                       = true                                      {product} {ergonomic}
     bool UseCompressedClassPointers               = true                                 {lp64_product} {ergonomic}
     bool UseCompressedOops                        = true                                 {lp64_product} {ergonomic}
     bool UseG1GC                                  = true                                      {product} {ergonomic}
     bool UseLargePagesIndividualAllocation        = false                                  {pd product} {ergonomic}

Logging:
Log output configuration:
 #0: stdout all=warning uptime,level,tags
 #1: stderr all=off uptime,level,tags

Environment Variables:
JAVA_HOME=C:\Program Files\Java\jdk-11.0.11
PATH=C:\Program Files\Common Files\Oracle\Java\javapath;C:\Program Files\Java\jdk1.8.0_251\bin;C:\Program Files (x86)\Common Files\Oracle\Java\javapath;C:\WINDOWS\system32;C:\WINDOWS;C:\WINDOWS\System32\Wbem;C:\WINDOWS\System32\WindowsPowerShell\v1.0\;C:\WINDOWS\System32\OpenSSH\;C:\Program Files\Intel\WiFi\bin\;C:\Program Files\Common Files\Intel\WirelessCommon\;C:\Program Files (x86)\Intel\Intel(R) Management Engine Components\DAL;C:\Program Files\Intel\Intel(R) Management Engine Components\DAL;C:\Program Files\Git\cmd;C:\Program Files\MySQL\MySQL Shell 8.0\bin\;C:\Program Files\Java\jdk1.8.0_251\bin;C:\Users\jack\AppData\Local\Programs\Python\Python38\Scripts\;C:\Users\jack\AppData\Local\Programs\Python\Python38\;C:\Users\jack\AppData\Local\Microsoft\WindowsApps;C:\Users\jack\AppData\Local\Programs\Microsoft VS Code\bin;
USERNAME=jack
OS=Windows_NT
PROCESSOR_IDENTIFIER=Intel64 Family 6 Model 142 Stepping 9, GenuineIntel



---------------  S Y S T E M  ---------------

OS: Windows 10 , 64 bit Build 19041 (10.0.19041.1566)
OS uptime: 0 days 1:23 hours

CPU:total 4 (initial active 4) (2 cores per cpu, 2 threads per core) family 6 model 142 stepping 9 microcode 0xec, cmov, cx8, fxsr, mmx, sse, sse2, sse3, ssse3, sse4.1, sse4.2, popcnt, avx, avx2, aes, clmul, erms, 3dnowpref, lzcnt, ht, tsc, tscinvbit, bmi1, bmi2, adx, fma

Memory: 4k page, system-wide physical 8061M (49M free)
TotalPageFile size 32637M (AvailPageFile size 0M)
current process WorkingSet (physical memory assigned to process): 242M, peak: 259M
current process commit charge ("private bytes"): 314M, peak: 325M

vm_info: OpenJDK 64-Bit Server VM (11.0.11+9-b60-7590822) for windows-amd64 JRE (11.0.11+9-b60-7590822), built on Jul 29 2021 21:43:44 by "builder" with MS VC++ 14.0 (VS2015)

END.
